rm solution PQ-Dijkstra -f
clang++ -O3 -fopenmp solution.cc -o solution -std=c++20
72 threads
./grid10x10edge.txt
Cell Cost Time: 23717296 0.455895
10 10
10 9
10 8
10 7
10 6
10 5
10 4
10 3
10 2
9 1
8 1
7 1
6 1
5 1
4 1
3 1
2 1
1 1
18
Time: 23802727 0.457252
./grid10x10expensive.txt
Cell Cost Time: 23580315 0.395176
10 10
10 9
10 8
10 7
10 6
10 5
10 4
10 3
10 2
9 1
8 1
7 1
6 1
5 1
4 1
3 1
2 1
1 1
519.1
Time: 23635012 0.395972
./grid10x10fast.txt
Cell Cost Time: 8973042 0.190933
10 10
10 9
10 8
10 7
10 6
10 5
9 4
9 3
10 2
9 1
8 1
7 1
6 1
5 1
4 1
3 1
2 1
1 1
852.3
Time: 9472809 0.198928
./grid10x10faster.txt
Cell Cost Time: 2134147 0.069631
10 10
10 9
10 8
10 7
10 6
10 5
9 4
10 3
10 2
9 1
8 1
7 1
6 1
5 1
4 1
3 1
2 1
1 1
3316.5
Time: 2309900 0.072619
./grid10x10zigzag.txt
Cell Cost Time: 1348440 0.047379
10 10
9 9
8 8
8 7
7 6
6 5
6 4
6 3
5 2
4 2
3 3
2 3
1 2
1 1
15359.6
Time: 1590605 0.052021
./grid4x4Z.txt
Cell Cost Time: 12361348 0.352871
4 4
4 3
3 2
2 3
1 2
1 1
6.8
Time: 12481201 0.354891
./grid4x4edge.txt
Cell Cost Time: 8488262 0.165284
4 4
3 4
2 4
1 3
1 2
1 1
7.4
Time: 8553222 0.166345
