rm solution PQ-Dijkstra -f
clang++ -O3 -fopenmp solution.cc -o solution -std=c++20
32 threads
./grid10x10edge.txt
Cell Cost Time: 18747048 0.757123
10 10
10 9
10 8
10 7
10 6
10 5
10 4
10 3
10 2
9 1
8 1
7 1
6 1
5 1
4 1
3 1
2 1
1 1
18
Time: 18808929 0.759203
./grid10x10expensive.txt
Cell Cost Time: 18846984 0.805415
10 10
10 9
10 8
10 7
10 6
10 5
10 4
10 3
10 2
9 1
8 1
7 1
6 1
5 1
4 1
3 1
2 1
1 1
519.1
Time: 18888205 0.806900
./grid10x10fast.txt
Cell Cost Time: 7728126 0.460225
10 10
10 9
10 8
10 7
10 6
10 5
9 4
9 3
10 2
9 1
8 1
7 1
6 1
5 1
4 1
3 1
2 1
1 1
852.3
Time: 7993472 0.471045
./grid10x10faster.txt
Cell Cost Time: 1664345 0.076181
10 10
10 9
10 8
10 7
10 6
10 5
9 4
10 3
10 2
9 1
8 1
7 1
6 1
5 1
4 1
3 1
2 1
1 1
3316.5
Time: 1724042 0.078457
./grid10x10zigzag.txt
Cell Cost Time: 243652 0.018265
10 10
9 9
8 8
8 7
7 6
6 5
6 4
6 3
5 2
4 2
3 3
2 3
1 2
1 1
15359.6
Time: 290537 0.019915
./grid4x4Z.txt
Cell Cost Time: 5824255 0.208346
4 4
4 3
3 2
2 3
1 2
1 1
6.8
Time: 5848036 0.209137
./grid4x4edge.txt
Cell Cost Time: 3271299 0.149284
4 4
3 4
2 4
1 3
1 2
1 1
7.4
Time: 3313304 0.151062
