rm solution PQ-Dijkstra -f
clang++ -O3 -fopenmp solution.cc -o solution -std=c++20
4 threads
./grid10x10edge.txt
Cell Cost Time: 13058865 3.817025
10 10
10 9
10 8
10 7
10 6
10 5
10 4
10 3
10 2
9 1
8 1
7 1
6 1
5 1
4 1
3 1
2 1
1 1
18
Time: 13067290 3.820237
./grid10x10expensive.txt
Cell Cost Time: 13057017 3.844715
10 10
10 9
10 8
10 7
10 6
10 5
10 4
10 3
10 2
9 1
8 1
7 1
6 1
5 1
4 1
3 1
2 1
1 1
519.1
Time: 13058426 3.845665
./grid10x10fast.txt
Cell Cost Time: 2761833 1.082734
10 10
10 9
10 8
10 7
10 6
10 5
9 4
9 3
10 2
9 1
8 1
7 1
6 1
5 1
4 1
3 1
2 1
1 1
852.3
Time: 2789561 1.092587
./grid10x10faster.txt
Cell Cost Time: 520643 0.139585
10 10
10 9
10 8
10 7
10 6
10 5
9 4
10 3
10 2
9 1
8 1
7 1
6 1
5 1
4 1
3 1
2 1
1 1
3316.5
Time: 524912 0.140824
./grid10x10zigzag.txt
Cell Cost Time: 27945 0.013408
10 10
9 9
8 8
8 7
7 6
6 5
6 4
6 3
5 2
4 2
3 3
2 3
1 2
1 1
15359.6
Time: 32623 0.014488
./grid4x4Z.txt
Cell Cost Time: 1231070 0.412623
4 4
4 3
3 2
2 3
1 2
1 1
6.8
Time: 1232534 0.413276
./grid4x4edge.txt
Cell Cost Time: 1094412 0.277279
4 4
3 4
2 4
1 3
1 2
1 1
7.4
Time: 1097097 0.277974
