rm solution PQ-Dijkstra -f
clang++ -O3 -fopenmp solution.cc -o solution -std=c++20
1 threads
./grid10x10edge.txt
Cell Cost Time: 12078599 12.141602
10 10
10 9
10 8
10 7
10 6
10 5
10 4
10 3
10 2
9 1
8 1
7 1
6 1
5 1
4 1
3 1
2 1
1 1
18
Time: 12078822 12.141910
./grid10x10expensive.txt
Cell Cost Time: 12079261 12.145618
10 10
10 9
10 8
10 7
10 6
10 5
10 4
10 3
10 2
9 1
8 1
7 1
6 1
5 1
4 1
3 1
2 1
1 1
519.1
Time: 12079417 12.146206
./grid10x10fast.txt
Cell Cost Time: 2111349 2.120450
10 10
10 9
10 8
10 7
10 6
10 5
9 4
9 3
10 2
9 1
8 1
7 1
6 1
5 1
4 1
3 1
2 1
1 1
852.3
Time: 2111496 2.120565
./grid10x10faster.txt
Cell Cost Time: 276772 0.278386
10 10
10 9
10 8
10 7
10 6
10 5
9 4
10 3
10 2
9 1
8 1
7 1
6 1
5 1
4 1
3 1
2 1
1 1
3316.5
Time: 276932 0.278852
./grid10x10zigzag.txt
Cell Cost Time: 12710 0.012993
10 10
9 9
8 8
8 7
7 6
6 5
6 4
6 3
5 2
4 2
3 3
2 3
1 2
1 1
15359.6
Time: 12860 0.013412
./grid4x4Z.txt
Cell Cost Time: 729758 0.733073
4 4
4 3
3 2
2 3
1 2
1 1
6.8
Time: 729875 0.733462
./grid4x4edge.txt
Cell Cost Time: 571360 0.583667
4 4
3 4
2 4
1 3
1 2
1 1
7.4
Time: 571492 0.584149
2 threads
./grid10x10edge.txt
Cell Cost Time: 12276744 7.214861
10 10
10 9
10 8
10 7
10 6
10 5
10 4
10 3
10 2
9 1
8 1
7 1
6 1
5 1
4 1
3 1
2 1
1 1
18
Time: 12277090 7.215103
./grid10x10expensive.txt
Cell Cost Time: 12280644 7.201427
10 10
10 9
10 8
10 7
10 6
10 5
10 4
10 3
10 2
9 1
8 1
7 1
6 1
5 1
4 1
3 1
2 1
1 1
519.1
Time: 12281059 7.201691
./grid10x10fast.txt
Cell Cost Time: 2312870 1.652942
10 10
10 9
10 8
10 7
10 6
10 5
9 4
9 3
10 2
9 1
8 1
7 1
6 1
5 1
4 1
3 1
2 1
1 1
852.3
Time: 2314699 1.654374
./grid10x10faster.txt
Cell Cost Time: 321312 0.162702
10 10
10 9
10 8
10 7
10 6
10 5
9 4
10 3
10 2
9 1
8 1
7 1
6 1
5 1
4 1
3 1
2 1
1 1
3316.5
Time: 322116 0.163320
./grid10x10zigzag.txt
Cell Cost Time: 14498 0.008508
10 10
9 9
8 8
8 7
7 6
6 5
6 4
6 3
5 2
4 2
3 3
2 3
1 2
1 1
15359.6
Time: 16124 0.009532
./grid4x4Z.txt
Cell Cost Time: 814045 0.410653
4 4
4 3
3 2
2 3
1 2
1 1
6.8
Time: 814800 0.411218
./grid4x4edge.txt
Cell Cost Time: 772923 0.390640
4 4
3 4
2 4
1 3
1 2
1 1
7.4
Time: 773687 0.391210
4 threads
./grid10x10edge.txt
Cell Cost Time: 12624881 3.673924
10 10
10 9
10 8
10 7
10 6
10 5
10 4
10 3
10 2
9 1
8 1
7 1
6 1
5 1
4 1
3 1
2 1
1 1
18
Time: 12626906 3.674875
./grid10x10expensive.txt
Cell Cost Time: 12641469 3.676888
10 10
10 9
10 8
10 7
10 6
10 5
10 4
10 3
10 2
9 1
8 1
7 1
6 1
5 1
4 1
3 1
2 1
1 1
519.1
Time: 12643391 3.677784
./grid10x10fast.txt
Cell Cost Time: 2715970 1.025374
10 10
10 9
10 8
10 7
10 6
10 5
9 4
9 3
10 2
9 1
8 1
7 1
6 1
5 1
4 1
3 1
2 1
1 1
852.3
Time: 2719620 1.026866
./grid10x10faster.txt
Cell Cost Time: 460226 0.117528
10 10
10 9
10 8
10 7
10 6
10 5
9 4
10 3
10 2
9 1
8 1
7 1
6 1
5 1
4 1
3 1
2 1
1 1
3316.5
Time: 895204 0.279860
./grid10x10zigzag.txt
Cell Cost Time: 14782 0.013746
10 10
9 9
8 8
8 7
7 6
6 5
6 4
6 3
5 2
4 2
3 3
2 3
1 2
1 1
15359.6
Time: 28251 0.017911
./grid4x4Z.txt
Cell Cost Time: 1213116 0.422160
4 4
4 3
3 2
2 3
1 2
1 1
6.8
Time: 1215310 0.423022
./grid4x4edge.txt
Cell Cost Time: 1049339 0.265484
4 4
3 4
2 4
1 3
1 2
1 1
7.4
Time: 1051905 0.266031
8 threads
./grid10x10edge.txt
Cell Cost Time: 13436181 2.029927
10 10
10 9
10 8
10 7
10 6
10 5
10 4
10 3
10 2
9 1
8 1
7 1
6 1
5 1
4 1
3 1
2 1
1 1
18
Time: 13439279 2.030348
./grid10x10expensive.txt
Cell Cost Time: 13399624 2.044220
10 10
10 9
10 8
10 7
10 6
10 5
10 4
10 3
10 2
9 1
8 1
7 1
6 1
5 1
4 1
3 1
2 1
1 1
519.1
Time: 13406686 2.045231
./grid10x10fast.txt
Cell Cost Time: 3333391 0.545406
10 10
10 9
10 8
10 7
10 6
10 5
9 4
9 3
10 2
9 1
8 1
7 1
6 1
5 1
4 1
3 1
2 1
1 1
852.3
Time: 3339569 0.546270
./grid10x10faster.txt
Cell Cost Time: 511140 0.069563
10 10
10 9
10 8
10 7
10 6
10 5
9 4
10 3
10 2
9 1
8 1
7 1
6 1
5 1
4 1
3 1
2 1
1 1
3316.5
Time: 518381 0.070513
./grid10x10zigzag.txt
Cell Cost Time: 17840 0.006430
10 10
9 9
8 8
8 7
7 6
6 5
6 4
6 3
5 2
4 2
3 3
2 3
1 2
1 1
15359.6
Time: 27568 0.007888
./grid4x4Z.txt
Cell Cost Time: 1941143 0.311068
4 4
4 3
3 2
2 3
1 2
1 1
6.8
Time: 1944857 0.311593
./grid4x4edge.txt
Cell Cost Time: 1254804 0.166054
4 4
3 4
2 4
1 3
1 2
1 1
7.4
Time: 1258741 0.166482
16 threads
./grid10x10edge.txt
Cell Cost Time: 15123617 1.154142
10 10
10 9
10 8
10 7
10 6
10 5
10 4
10 3
10 2
9 1
8 1
7 1
6 1
5 1
4 1
3 1
2 1
1 1
18
Time: 15240944 1.162641
./grid10x10expensive.txt
Cell Cost Time: 15177628 1.158842
10 10
10 9
10 8
10 7
10 6
10 5
10 4
10 3
10 2
9 1
8 1
7 1
6 1
5 1
4 1
3 1
2 1
1 1
519.1
Time: 15185691 1.159449
./grid10x10fast.txt
Cell Cost Time: 4384763 0.303440
10 10
10 9
10 8
10 7
10 6
10 5
9 4
9 3
10 2
9 1
8 1
7 1
6 1
5 1
4 1
3 1
2 1
1 1
852.3
Time: 4636244 0.320378
./grid10x10faster.txt
Cell Cost Time: 843950 0.064977
10 10
10 9
10 8
10 7
10 6
10 5
9 4
10 3
10 2
9 1
8 1
7 1
6 1
5 1
4 1
3 1
2 1
1 1
3316.5
Time: 869857 0.066769
./grid10x10zigzag.txt
Cell Cost Time: 205042 0.031127
10 10
9 9
8 8
8 7
7 6
6 5
6 4
6 3
5 2
4 2
3 3
2 3
1 2
1 1
15359.6
Time: 253934 0.036478
./grid4x4Z.txt
Cell Cost Time: 2493236 0.187978
4 4
4 3
3 2
2 3
1 2
1 1
6.8
Time: 2511456 0.189334
./grid4x4edge.txt
Cell Cost Time: 1909493 0.152565
4 4
3 4
2 4
1 3
1 2
1 1
7.4
Time: 1919442 0.153303
