rm solution PQ-Dijkstra -f
clang -O3 PQ-Dijkstra.c -o PQ-Dijkstra
./grid10x10edge.txt
9 9 2568 18
9 8 2113 17
9 7 1559 16
9 6 1401 15
9 5 1227 14
9 4 2916 13
9 3 5931 12
9 2 7812 11
9 1 7397 10
8 0 3751 9
7 0 6037 8
6 0 7986 7
5 0 9044 6
4 0 6144 5
3 0 5559 4
2 0 1116 3
1 0 1991 2
0 0 1654 1
Time: 7224625 7.296148
./grid10x10expensive.txt
9 9 2568 519.1
9 8 2113 517.7
9 7 1559 500.5
9 6 1401 482.9
9 5 1227 481.1
9 4 2916 443
9 3 5931 400.9
9 2 7812 358.5
9 1 7397 293.4
8 0 3751 196.5
7 0 6037 167.7
6 0 7986 146.1
5 0 9044 140.2
4 0 6144 117.5
3 0 5559 96.6
2 0 1116 94.9
1 0 1991 35.4
0 0 1654 27.5
Time: 6697340 6.746439
./grid10x10fast.txt
9 9 2568 852.3
9 8 2113 850.5
9 7 1559 817.1
9 6 1401 782.9
9 5 1227 780.3
9 4 2916 705
8 3 1787 621.7
8 2 3308 608.3
9 1 7397 577.2
8 0 3751 384.4
7 0 6037 327.7
6 0 7986 285.4
5 0 9044 274.6
4 0 6144 230.2
3 0 5559 189.4
2 0 1116 186.9
1 0 1991 68.9
0 0 1654 54
Time: 1412013 1.422838
./grid10x10faster.txt
9 9 2568 3316.5
9 8 2113 3312.3
9 7 1559 3181.7
9 6 1401 3047.8
9 5 1227 3040.3
9 4 2916 2741.8
8 3 1787 2411.3
9 2 7812 2360.7
9 1 7397 2280.3
8 0 3751 1511.9
7 0 6037 1287.8
6 0 7986 1121.5
5 0 9044 1081.1
4 0 6144 906.3
3 0 5559 746.1
2 0 1116 739.1
1 0 1991 270.1
0 0 1654 213.2
Time: 588129 0.591794
./grid10x10zigzag.txt
9 9 2568 15359.6
8 8 5818 15253.7
7 7 5556 14565.5
7 6 5792 13967.8
6 5 2796 13761.2
5 4 9247 13750.6
5 3 9889 12080.5
5 2 8846 10984.3
4 1 8527 9292.1
3 1 3116 8802.4
2 2 7970 8691
1 2 6503 7806.1
0 1 7075 7087.7
0 0 1654 6794.5
Time: 36405 0.038056
./grid4x4Z.txt
3 3 12 6.8
3 2 114 5.6
2 1 190 4.5
1 2 244 3.3
0 1 23 2.3
0 0 13 1.1
Time: 2509178 2.523785
./grid4x4edge.txt
3 3 12 7.4
2 3 114 6.2
1 3 83 5.1
0 2 39 3.7
0 1 23 2.3
0 0 13 1.1
Time: 1191219 1.198375
