rm solution PQ-Dijkstra -f
clang++ -O3 -fopenmp solution.cpp -o solution -std=c++20
4 threads
./grid10x10edge.txt
10 10 2568 18
10 9 2113 17
10 8 1559 16
10 7 1401 15
10 6 1227 14
10 5 2916 13
10 4 5931 12
10 3 7812 11
10 2 7397 10
9 1 3751 9
8 1 6037 8
7 1 7986 7
6 1 9044 6
5 1 6144 5
4 1 5559 4
3 1 1116 3
2 1 1991 2
1 1 1654 1
Time: 24140184 0.416754
./grid10x10expensive.txt
10 10 2568 519.1
10 9 2113 517.7
10 8 1559 500.5
10 7 1401 482.9
10 6 1227 481.1
10 5 2916 443
10 4 5931 400.9
10 3 7812 358.5
10 2 7397 293.4
9 1 3751 196.5
8 1 6037 167.7
7 1 7986 146.1
6 1 9044 140.2
5 1 6144 117.5
4 1 5559 96.6
3 1 1116 94.9
2 1 1991 35.4
1 1 1654 27.5
Time: 26150235 0.542893
./grid10x10fast.txt
10 10 2568 852.3
10 9 2113 850.5
10 8 1559 817.1
10 7 1401 782.9
10 6 1227 780.3
10 5 2916 705
9 4 1787 621.7
9 3 3308 608.3
10 2 7397 577.2
9 1 3751 384.4
8 1 6037 327.7
7 1 7986 285.4
6 1 9044 274.6
5 1 6144 230.2
4 1 5559 189.4
3 1 1116 186.9
2 1 1991 68.9
1 1 1654 54
Time: 7980004 0.140599
./grid10x10faster.txt
10 10 2568 3316.5
10 9 2113 3312.3
10 8 1559 3181.7
10 7 1401 3047.8
10 6 1227 3040.3
10 5 2916 2741.8
9 4 1787 2411.3
10 3 7812 2360.7
10 2 7397 2280.3
9 1 3751 1511.9
8 1 6037 1287.8
7 1 7986 1121.5
6 1 9044 1081.1
5 1 6144 906.3
4 1 5559 746.1
3 1 1116 739.1
2 1 1991 270.1
1 1 1654 213.2
Time: 3110873 0.079998
./grid10x10zigzag.txt
10 10 2568 15359.6
9 9 5818 15253.7
8 8 5556 14565.5
8 7 5792 13967.8
7 6 2796 13761.2
6 5 9247 13750.6
6 4 9889 12080.5
6 3 8846 10984.3
5 2 8527 9292.1
4 2 3116 8802.4
3 3 7970 8691
2 3 6503 7806.1
1 2 7075 7087.7
1 1 1654 6794.5
Time: 1688458 0.059326
./grid4x4Z.txt
4 4 12 6.8
4 3 114 5.6
3 2 190 4.5
2 3 244 3.3
1 2 23 2.3
1 1 13 1.1
Time: 14595819 0.317962
./grid4x4edge.txt
4 4 12 7.4
3 4 114 6.2
2 4 83 5.1
1 3 39 3.7
1 2 23 2.3
1 1 13 1.1
Time: 8050851 0.165794
8 threads
./grid10x10edge.txt
10 10 2568 18
10 9 2113 17
10 8 1559 16
10 7 1401 15
10 6 1227 14
10 5 2916 13
10 4 5931 12
10 3 7812 11
10 2 7397 10
9 1 3751 9
8 1 6037 8
7 1 7986 7
6 1 9044 6
5 1 6144 5
4 1 5559 4
3 1 1116 3
2 1 1991 2
1 1 1654 1
Time: 23170601 0.399540
./grid10x10expensive.txt
10 10 2568 519.1
10 9 2113 517.7
10 8 1559 500.5
10 7 1401 482.9
10 6 1227 481.1
10 5 2916 443
10 4 5931 400.9
10 3 7812 358.5
10 2 7397 293.4
9 1 3751 196.5
8 1 6037 167.7
7 1 7986 146.1
6 1 9044 140.2
5 1 6144 117.5
4 1 5559 96.6
3 1 1116 94.9
2 1 1991 35.4
1 1 1654 27.5
Time: 23656586 0.395654
./grid10x10fast.txt
10 10 2568 852.3
10 9 2113 850.5
10 8 1559 817.1
10 7 1401 782.9
10 6 1227 780.3
10 5 2916 705
9 4 1787 621.7
9 3 3308 608.3
10 2 7397 577.2
9 1 3751 384.4
8 1 6037 327.7
7 1 7986 285.4
6 1 9044 274.6
5 1 6144 230.2
4 1 5559 189.4
3 1 1116 186.9
2 1 1991 68.9
1 1 1654 54
Time: 11064191 0.202156
./grid10x10faster.txt
10 10 2568 3316.5
10 9 2113 3312.3
10 8 1559 3181.7
10 7 1401 3047.8
10 6 1227 3040.3
10 5 2916 2741.8
9 4 1787 2411.3
10 3 7812 2360.7
10 2 7397 2280.3
9 1 3751 1511.9
8 1 6037 1287.8
7 1 7986 1121.5
6 1 9044 1081.1
5 1 6144 906.3
4 1 5559 746.1
3 1 1116 739.1
2 1 1991 270.1
1 1 1654 213.2
Time: 3727424 0.108324
./grid10x10zigzag.txt
10 10 2568 15359.6
9 9 5818 15253.7
8 8 5556 14565.5
8 7 5792 13967.8
7 6 2796 13761.2
6 5 9247 13750.6
6 4 9889 12080.5
6 3 8846 10984.3
5 2 8527 9292.1
4 2 3116 8802.4
3 3 7970 8691
2 3 6503 7806.1
1 2 7075 7087.7
1 1 1654 6794.5
Time: 1734569 0.087736
./grid4x4Z.txt
4 4 12 6.8
4 3 114 5.6
3 2 190 4.5
2 3 244 3.3
1 2 23 2.3
1 1 13 1.1
Time: 13160651 0.258944
./grid4x4edge.txt
4 4 12 7.4
3 4 114 6.2
2 4 83 5.1
1 3 39 3.7
1 2 23 2.3
1 1 13 1.1
Time: 12493901 0.271380
16 threads
./grid10x10edge.txt
10 10 2568 18
10 9 2113 17
10 8 1559 16
10 7 1401 15
10 6 1227 14
10 5 2916 13
10 4 5931 12
10 3 7812 11
10 2 7397 10
9 1 3751 9
8 1 6037 8
7 1 7986 7
6 1 9044 6
5 1 6144 5
4 1 5559 4
3 1 1116 3
2 1 1991 2
1 1 1654 1
Time: 23680846 0.393397
./grid10x10expensive.txt
10 10 2568 519.1
10 9 2113 517.7
10 8 1559 500.5
10 7 1401 482.9
10 6 1227 481.1
10 5 2916 443
10 4 5931 400.9
10 3 7812 358.5
10 2 7397 293.4
9 1 3751 196.5
8 1 6037 167.7
7 1 7986 146.1
6 1 9044 140.2
5 1 6144 117.5
4 1 5559 96.6
3 1 1116 94.9
2 1 1991 35.4
1 1 1654 27.5
Time: 25131793 0.501820
./grid10x10fast.txt
10 10 2568 852.3
10 9 2113 850.5
10 8 1559 817.1
10 7 1401 782.9
10 6 1227 780.3
10 5 2916 705
9 4 1787 621.7
9 3 3308 608.3
10 2 7397 577.2
9 1 3751 384.4
8 1 6037 327.7
7 1 7986 285.4
6 1 9044 274.6
5 1 6144 230.2
4 1 5559 189.4
3 1 1116 186.9
2 1 1991 68.9
1 1 1654 54
Time: 8196012 0.141499
./grid10x10faster.txt
10 10 2568 3316.5
10 9 2113 3312.3
10 8 1559 3181.7
10 7 1401 3047.8
10 6 1227 3040.3
10 5 2916 2741.8
9 4 1787 2411.3
10 3 7812 2360.7
10 2 7397 2280.3
9 1 3751 1511.9
8 1 6037 1287.8
7 1 7986 1121.5
6 1 9044 1081.1
5 1 6144 906.3
4 1 5559 746.1
3 1 1116 739.1
2 1 1991 270.1
1 1 1654 213.2
Time: 2460283 0.068443
./grid10x10zigzag.txt
10 10 2568 15359.6
9 9 5818 15253.7
8 8 5556 14565.5
8 7 5792 13967.8
7 6 2796 13761.2
6 5 9247 13750.6
6 4 9889 12080.5
6 3 8846 10984.3
5 2 8527 9292.1
4 2 3116 8802.4
3 3 7970 8691
2 3 6503 7806.1
1 2 7075 7087.7
1 1 1654 6794.5
Time: 1469397 0.053796
./grid4x4Z.txt
4 4 12 6.8
4 3 114 5.6
3 2 190 4.5
2 3 244 3.3
1 2 23 2.3
1 1 13 1.1
Time: 13357470 0.326904
./grid4x4edge.txt
4 4 12 7.4
3 4 114 6.2
2 4 83 5.1
1 3 39 3.7
1 2 23 2.3
1 1 13 1.1
Time: 6247305 0.170234
32 threads
./grid10x10edge.txt
10 10 2568 18
10 9 2113 17
10 8 1559 16
10 7 1401 15
10 6 1227 14
10 5 2916 13
10 4 5931 12
10 3 7812 11
10 2 7397 10
9 1 3751 9
8 1 6037 8
7 1 7986 7
6 1 9044 6
5 1 6144 5
4 1 5559 4
3 1 1116 3
2 1 1991 2
1 1 1654 1
Time: 23600565 0.398411
./grid10x10expensive.txt
10 10 2568 519.1
10 9 2113 517.7
10 8 1559 500.5
10 7 1401 482.9
10 6 1227 481.1
10 5 2916 443
10 4 5931 400.9
10 3 7812 358.5
10 2 7397 293.4
9 1 3751 196.5
8 1 6037 167.7
7 1 7986 146.1
6 1 9044 140.2
5 1 6144 117.5
4 1 5559 96.6
3 1 1116 94.9
2 1 1991 35.4
1 1 1654 27.5
Time: 23614699 0.385106
./grid10x10fast.txt
10 10 2568 852.3
10 9 2113 850.5
10 8 1559 817.1
10 7 1401 782.9
10 6 1227 780.3
10 5 2916 705
9 4 1787 621.7
9 3 3308 608.3
10 2 7397 577.2
9 1 3751 384.4
8 1 6037 327.7
7 1 7986 285.4
6 1 9044 274.6
5 1 6144 230.2
4 1 5559 189.4
3 1 1116 186.9
2 1 1991 68.9
1 1 1654 54
Time: 7983950 0.141839
./grid10x10faster.txt
10 10 2568 3316.5
10 9 2113 3312.3
10 8 1559 3181.7
10 7 1401 3047.8
10 6 1227 3040.3
10 5 2916 2741.8
9 4 1787 2411.3
10 3 7812 2360.7
10 2 7397 2280.3
9 1 3751 1511.9
8 1 6037 1287.8
7 1 7986 1121.5
6 1 9044 1081.1
5 1 6144 906.3
4 1 5559 746.1
3 1 1116 739.1
2 1 1991 270.1
1 1 1654 213.2
Time: 1730265 0.062075
./grid10x10zigzag.txt
10 10 2568 15359.6
9 9 5818 15253.7
8 8 5556 14565.5
8 7 5792 13967.8
7 6 2796 13761.2
6 5 9247 13750.6
6 4 9889 12080.5
6 3 8846 10984.3
5 2 8527 9292.1
4 2 3116 8802.4
3 3 7970 8691
2 3 6503 7806.1
1 2 7075 7087.7
1 1 1654 6794.5
Time: 2211488 0.087764
./grid4x4Z.txt
4 4 12 6.8
4 3 114 5.6
3 2 190 4.5
2 3 244 3.3
1 2 23 2.3
1 1 13 1.1
Time: 10733172 0.202138
./grid4x4edge.txt
4 4 12 7.4
3 4 114 6.2
2 4 83 5.1
1 3 39 3.7
1 2 23 2.3
1 1 13 1.1
Time: 12518102 0.266921
72 threads
./grid10x10edge.txt
10 10 2568 18
10 9 2113 17
10 8 1559 16
10 7 1401 15
10 6 1227 14
10 5 2916 13
10 4 5931 12
10 3 7812 11
10 2 7397 10
9 1 3751 9
8 1 6037 8
7 1 7986 7
6 1 9044 6
5 1 6144 5
4 1 5559 4
3 1 1116 3
2 1 1991 2
1 1 1654 1
Time: 23303830 0.439082
./grid10x10expensive.txt
10 10 2568 519.1
10 9 2113 517.7
10 8 1559 500.5
10 7 1401 482.9
10 6 1227 481.1
10 5 2916 443
10 4 5931 400.9
10 3 7812 358.5
10 2 7397 293.4
9 1 3751 196.5
8 1 6037 167.7
7 1 7986 146.1
6 1 9044 140.2
5 1 6144 117.5
4 1 5559 96.6
3 1 1116 94.9
2 1 1991 35.4
1 1 1654 27.5
Time: 23344013 0.394479
./grid10x10fast.txt
10 10 2568 852.3
10 9 2113 850.5
10 8 1559 817.1
10 7 1401 782.9
10 6 1227 780.3
10 5 2916 705
9 4 1787 621.7
9 3 3308 608.3
10 2 7397 577.2
9 1 3751 384.4
8 1 6037 327.7
7 1 7986 285.4
6 1 9044 274.6
5 1 6144 230.2
4 1 5559 189.4
3 1 1116 186.9
2 1 1991 68.9
1 1 1654 54
Time: 7888305 0.141584
./grid10x10faster.txt
10 10 2568 3316.5
10 9 2113 3312.3
10 8 1559 3181.7
10 7 1401 3047.8
10 6 1227 3040.3
10 5 2916 2741.8
9 4 1787 2411.3
10 3 7812 2360.7
10 2 7397 2280.3
9 1 3751 1511.9
8 1 6037 1287.8
7 1 7986 1121.5
6 1 9044 1081.1
5 1 6144 906.3
4 1 5559 746.1
3 1 1116 739.1
2 1 1991 270.1
1 1 1654 213.2
Time: 2494716 0.078796
./grid10x10zigzag.txt
10 10 2568 15359.6
9 9 5818 15253.7
8 8 5556 14565.5
8 7 5792 13967.8
7 6 2796 13761.2
6 5 9247 13750.6
6 4 9889 12080.5
6 3 8846 10984.3
5 2 8527 9292.1
4 2 3116 8802.4
3 3 7970 8691
2 3 6503 7806.1
1 2 7075 7087.7
1 1 1654 6794.5
Time: 1572499 0.059993
./grid4x4Z.txt
4 4 12 6.8
4 3 114 5.6
3 2 190 4.5
2 3 244 3.3
1 2 23 2.3
1 1 13 1.1
Time: 11378879 0.204763
./grid4x4edge.txt
4 4 12 7.4
3 4 114 6.2
2 4 83 5.1
1 3 39 3.7
1 2 23 2.3
1 1 13 1.1
Time: 11983425 0.303407
